<?xml version="1.0" encoding="UTF-8"?>
<testng-results ignored="0" total="1" passed="1" failed="0" skipped="0">
  <reporter-output>
  </reporter-output>
  <suite started-at="2023-07-13T23:00:41 IST" name="Default suite" finished-at="2023-07-13T23:01:22 IST" duration-ms="41552">
    <groups>
    </groups>
    <test started-at="2023-07-13T23:00:41 IST" name="Default test" finished-at="2023-07-13T23:01:22 IST" duration-ms="41552">
      <class name="JavascriptExecutor.Byjus_assign_2">
        <test-method is-config="true" signature="Setup()[pri:0, instance:JavascriptExecutor.Byjus_assign_2@740cae06]" started-at="2023-07-13T23:00:41 IST" name="Setup" finished-at="2023-07-13T23:00:47 IST" duration-ms="6007" status="PASS">
          <reporter-output>
          </reporter-output>
        </test-method> <!-- Setup -->
        <test-method signature="Byjus2()[pri:0, instance:JavascriptExecutor.Byjus_assign_2@740cae06]" started-at="2023-07-13T23:00:47 IST" name="Byjus2" finished-at="2023-07-13T23:01:22 IST" duration-ms="35134" status="PASS">
          <reporter-output>
          </reporter-output>
        </test-method> <!-- Byjus2 -->
        <test-method is-config="true" signature="Teardown()[pri:0, instance:JavascriptExecutor.Byjus_assign_2@740cae06]" started-at="2023-07-13T23:01:22 IST" name="Teardown" finished-at="2023-07-13T23:01:22 IST" duration-ms="315" status="PASS">
          <reporter-output>
          </reporter-output>
        </test-method> <!-- Teardown -->
      </class> <!-- JavascriptExecutor.Byjus_assign_2 -->
    </test> <!-- Default test -->
  </suite> <!-- Default suite -->
</testng-results>
